INFO:     Will watch for changes in these directories: ['/home/justin/llama_rag']
INFO:     Uvicorn running on http://0.0.0.0:8004 (Press CTRL+C to quit)
INFO:     Started reloader process [825662] using WatchFiles
INFO:     Started server process [825679]
INFO:     Waiting for application startup.
INFO:     Application startup complete.
Traceback (most recent call last):
  File "/home/justin/.local/bin/uvicorn", line 8, in <module>
    sys.exit(main())
             ^^^^^^
  File "/home/justin/.local/lib/python3.12/site-packages/click/core.py", line 1462, in __call__
    return self.main(*args, **kwargs)
           ^^^^^^^^^^^^^^^^^^^^^^^^^^
  File "/home/justin/.local/lib/python3.12/site-packages/click/core.py", line 1383, in main
    rv = self.invoke(ctx)
         ^^^^^^^^^^^^^^^^
  File "/home/justin/.local/lib/python3.12/site-packages/click/core.py", line 1246, in invoke
    return ctx.invoke(self.callback, **ctx.params)
           ^^^^^^^^^^^^^^^^^^^^^^^^^^^^^^^^^^^^^^^
  File "/home/justin/.local/lib/python3.12/site-packages/click/core.py", line 814, in invoke
    return callback(*args, **kwargs)
           ^^^^^^^^^^^^^^^^^^^^^^^^^
  File "/home/justin/.local/lib/python3.12/site-packages/uvicorn/main.py", line 423, in main
    run(
  File "/home/justin/.local/lib/python3.12/site-packages/uvicorn/main.py", line 588, in run
    ChangeReload(config, target=server.run, sockets=[sock]).run()
  File "/home/justin/.local/lib/python3.12/site-packages/uvicorn/supervisors/basereload.py", line 53, in run
    for changes in self:
  File "/home/justin/.local/lib/python3.12/site-packages/uvicorn/supervisors/basereload.py", line 72, in __next__
    return self.should_restart()
           ^^^^^^^^^^^^^^^^^^^^^
  File "/home/justin/.local/lib/python3.12/site-packages/uvicorn/supervisors/watchfilesreload.py", line 81, in should_restart
    changes = next(self.watcher)
              ^^^^^^^^^^^^^^^^^^
  File "/home/justin/.local/lib/python3.12/site-packages/watchfiles/main.py", line 130, in watch
    raw_changes = watcher.watch(debounce, step, rust_timeout, stop_event)
                  ^^^^^^^^^^^^^^^^^^^^^^^^^^^^^^^^^^^^^^^^^^^^^^^^^^^^^^^
_rust_notify.WatchfilesRustInternalError: error in underlying watcher: File system loop found: /home/justin/llama_rag/bin/X11 points to an ancestor /home/justin/llama_rag/bin
INFO:     127.0.0.1:49724 - "GET /api/v1/dashboard/inventory?range=7d HTTP/1.1" 200 OK
INFO:     127.0.0.1:53842 - "GET /health HTTP/1.1" 200 OK
INFO:     127.0.0.1:60604 - "GET /api/v1/dashboard/inventory HTTP/1.1" 200 OK
INFO:     127.0.0.1:37196 - "GET /health HTTP/1.1" 200 OK
INFO:     127.0.0.1:43324 - "GET /health HTTP/1.1" 200 OK
