2025-09-29 14:41:16,740 - INFO - Starting production readiness validation
2025-09-29 14:41:16,740 - INFO - Validating API availability
2025-09-29 14:41:21,756 - INFO - Validating endpoint functionality
2025-09-29 14:41:21,763 - INFO - Validating performance requirements
2025-09-29 14:41:21,775 - INFO - Validating error handling
2025-09-29 14:41:21,778 - INFO - Validating security considerations
2025-09-29 14:41:21,781 - INFO - Validating monitoring capabilities
2025-09-29 14:41:21,783 - INFO - Validating deployment readiness
2025-09-29 14:41:21,783 - INFO - Validating documentation completeness
2025-09-29 14:41:21,784 - INFO - Production readiness validation completed - Score: 75/100
2025-09-29 14:48:13,029 - INFO - Starting production readiness validation
2025-09-29 14:48:13,029 - INFO - Validating API availability
2025-09-29 14:48:18,046 - INFO - Validating endpoint functionality
2025-09-29 14:48:18,054 - INFO - Validating performance requirements
2025-09-29 14:48:18,066 - INFO - Validating error handling
2025-09-29 14:48:18,070 - INFO - Validating security considerations
2025-09-29 14:48:18,072 - INFO - Validating monitoring capabilities
2025-09-29 14:48:18,074 - INFO - Validating deployment readiness
2025-09-29 14:48:18,074 - INFO - Validating documentation completeness
2025-09-29 14:48:18,075 - INFO - Production readiness validation completed - Score: 75/100
2025-09-29 14:53:13,281 - INFO - Starting production readiness validation
2025-09-29 14:53:13,281 - INFO - Validating API availability
2025-09-29 14:53:18,298 - INFO - Validating endpoint functionality
2025-09-29 14:53:18,306 - INFO - Validating performance requirements
2025-09-29 14:53:18,318 - INFO - Validating error handling
2025-09-29 14:53:18,322 - INFO - Validating security considerations
2025-09-29 14:53:18,324 - INFO - Validating monitoring capabilities
2025-09-29 14:53:18,327 - INFO - Validating deployment readiness
2025-09-29 14:53:18,327 - INFO - Validating documentation completeness
2025-09-29 14:53:18,328 - INFO - Production readiness validation completed - Score: 75/100
